2019-03-23 11:31:54,071:root:main:[DEBUG]:test __main__
2019-03-23 11:31:54,139:__main__:__init__:[DEBUG]:MainScreen initialisation started
2019-03-23 11:31:54,139:__main__:__init__:[DEBUG]:LeftPanel initialisation started
2019-03-23 11:31:54,139:__main__:__init__:[DEBUG]:DescriptionPanel initialisation started
2019-03-23 11:31:54,140:__main__:__init__:[DEBUG]:InteractionsPanel initialisation started
2019-03-23 11:31:54,141:__main__:__init__:[DEBUG]:InteractionsPanel initialisation done: InteractionsPanel with name 'interactions' at 0x7f23ac92c2b0
2019-03-23 11:31:54,141:__main__:__init__:[DEBUG]:DescriptionPanel initialisation done: DescriptionPanel with name 'description' at 0x7f23ac9298d0
2019-03-23 11:31:54,141:__main__:__init__:[DEBUG]:LeftPanel initialisation done: LeftPanel with name 'left_panel' at 0x7f23ac929550
2019-03-23 11:31:54,141:__main__:__init__:[DEBUG]:CharactersPanel initialisation started
2019-03-23 11:31:54,142:__main__:__init__:[DEBUG]:CharactersPanel initialisation done: CharactersPanel with name 'characters' at 0x7f23ac92ca20
2019-03-23 11:31:54,142:__main__:__init__:[DEBUG]:InfosPanel initialisation started
2019-03-23 11:31:54,143:__main__:__init__:[DEBUG]:InfosPanel initialisation done: InfosPanel with name '_can000003' at 0x7f23ac929f28
2019-03-23 11:31:54,157:area:randomize:[DEBUG]:Street with 10 people randomized
2019-03-23 11:31:54,161:area:randomize:[DEBUG]:Street with 18 people randomized
2019-03-23 11:31:54,164:area:randomize:[DEBUG]:Square with 17 people randomized
2019-03-23 11:31:54,168:area:randomize:[DEBUG]:Street with 16 people randomized
2019-03-23 11:31:54,170:area:randomize:[DEBUG]:Bar with 11 people randomized
2019-03-23 11:31:54,173:area:randomize:[DEBUG]:Vegan Co-Op with 12 people randomized
2019-03-23 11:31:54,176:area:randomize:[DEBUG]:Street with 16 people randomized
2019-03-23 11:31:54,178:area:randomize:[DEBUG]:Dark Alley with 10 people randomized
2019-03-23 11:31:54,181:area:randomize:[DEBUG]:Warehouse with 19 people randomized
2019-03-23 11:31:54,184:area:randomize:[DEBUG]:Dark Alley with 14 people randomized
2019-03-23 11:31:54,187:area:randomize:[DEBUG]:Dark Alley with 10 people randomized
2019-03-23 11:31:54,189:area:randomize:[DEBUG]:Vegan Co-Op with 13 people randomized
2019-03-23 11:31:54,192:area:randomize:[DEBUG]:Vegan Co-Op with 12 people randomized
2019-03-23 11:31:54,194:area:randomize:[DEBUG]:Street with 14 people randomized
2019-03-23 11:31:54,197:area:randomize:[DEBUG]:Street with 12 people randomized
2019-03-23 11:31:54,201:area:randomize:[DEBUG]:Street with 19 people randomized
2019-03-23 11:31:54,204:area:randomize:[DEBUG]:Square with 14 people randomized
2019-03-23 11:31:54,207:area:randomize:[DEBUG]:Square with 16 people randomized
2019-03-23 11:31:54,211:area:randomize:[DEBUG]:Street with 15 people randomized
2019-03-23 11:31:54,213:area:randomize:[DEBUG]:Gym with 15 people randomized
2019-03-23 11:31:54,216:area:randomize:[DEBUG]:Industrial Area with 12 people randomized
2019-03-23 11:31:54,218:area:randomize:[DEBUG]:Bar with 10 people randomized
2019-03-23 11:31:54,222:area:randomize:[DEBUG]:Warehouse with 18 people randomized
2019-03-23 11:31:54,225:area:randomize:[DEBUG]:Street with 15 people randomized
2019-03-23 11:31:54,228:area:randomize:[DEBUG]:Bar with 16 people randomized
2019-03-23 11:31:54,232:area:randomize:[DEBUG]:Corporate Building with 17 people randomized
2019-03-23 11:31:54,235:area:randomize:[DEBUG]:Bar with 15 people randomized
2019-03-23 11:31:54,238:area:randomize:[DEBUG]:Street with 13 people randomized
2019-03-23 11:31:54,241:area:randomize:[DEBUG]:Street with 18 people randomized
2019-03-23 11:31:54,244:area:randomize:[DEBUG]:Street with 12 people randomized
2019-03-23 11:31:54,246:area:randomize:[DEBUG]:Square with 11 people randomized
2019-03-23 11:31:54,249:area:randomize:[DEBUG]:Street with 16 people randomized
2019-03-23 11:31:54,253:area:randomize:[DEBUG]:Corporate Building with 16 people randomized
2019-03-23 11:31:54,255:area:randomize:[DEBUG]:Street with 11 people randomized
2019-03-23 11:31:54,257:area:randomize:[DEBUG]:Street with 10 people randomized
2019-03-23 11:31:54,260:area:randomize:[DEBUG]:Corporate Datacenter with 17 people randomized
2019-03-23 11:31:54,262:area:randomize:[DEBUG]:Bank Vault with 10 people randomized
2019-03-23 11:31:54,266:area:randomize:[DEBUG]:Square with 19 people randomized
2019-03-23 11:31:54,269:area:randomize:[DEBUG]:Public Garden with 10 people randomized
2019-03-23 11:31:54,272:area:randomize:[DEBUG]:University Campus with 19 people randomized
2019-03-23 11:31:54,275:area:randomize:[DEBUG]:Street with 13 people randomized
2019-03-23 11:31:54,279:area:randomize:[DEBUG]:Street with 17 people randomized
2019-03-23 11:31:54,281:area:randomize:[DEBUG]:Street with 11 people randomized
2019-03-23 11:31:54,284:area:randomize:[DEBUG]:Street with 17 people randomized
2019-03-23 11:31:54,286:area:randomize:[DEBUG]:Square with 11 people randomized
2019-03-23 11:31:54,290:area:randomize:[DEBUG]:Square with 15 people randomized
2019-03-23 11:31:54,293:area:randomize:[DEBUG]:Street with 16 people randomized
2019-03-23 11:31:54,296:area:randomize:[DEBUG]:Supermarket with 18 people randomized
2019-03-23 11:31:54,299:area:randomize:[DEBUG]:Vegan Co-Op with 14 people randomized
2019-03-23 11:31:54,302:area:randomize:[DEBUG]:Street with 10 people randomized
2019-03-23 11:31:54,305:area:randomize:[DEBUG]:Gym with 18 people randomized
2019-03-23 11:31:54,308:area:randomize:[DEBUG]:Dark Alley with 12 people randomized
2019-03-23 11:31:54,310:area:randomize:[DEBUG]:Supermarket with 13 people randomized
2019-03-23 11:31:54,312:area:randomize:[DEBUG]:Street with 11 people randomized
2019-03-23 11:31:54,315:area:randomize:[DEBUG]:Dark Alley with 16 people randomized
2019-03-23 11:31:54,319:area:randomize:[DEBUG]:Police Office with 14 people randomized
2019-03-23 11:31:54,323:area:randomize:[DEBUG]:Military Bunker with 17 people randomized
2019-03-23 11:31:54,325:area:randomize:[DEBUG]:Street with 11 people randomized
2019-03-23 11:31:54,327:area:randomize:[DEBUG]:Public Garden with 11 people randomized
2019-03-23 11:31:54,331:area:randomize:[DEBUG]:Public Garden with 17 people randomized
2019-03-23 11:31:54,333:area:randomize:[DEBUG]:Supermarket with 10 people randomized
2019-03-23 11:31:54,335:area:randomize:[DEBUG]:Street with 12 people randomized
2019-03-23 11:31:54,338:area:randomize:[DEBUG]:Street with 12 people randomized
2019-03-23 11:31:54,342:area:randomize:[DEBUG]:Street with 19 people randomized
2019-03-23 11:31:54,345:area:randomize:[DEBUG]:Square with 17 people randomized
2019-03-23 11:31:54,348:area:randomize:[DEBUG]:Street with 17 people randomized
2019-03-23 11:31:54,351:area:randomize:[DEBUG]:Street with 15 people randomized
2019-03-23 11:31:54,353:area:randomize:[DEBUG]:Ccs Hq with 10 people randomized
2019-03-23 11:31:54,353:ui.location:__init__:[DEBUG]:LocationUI initialisation started
2019-03-23 11:31:54,367:ui.location:__init__:[DEBUG]:LocationUI initialisation done: LocationUI with name 'location' at 0x7f23a9cb5eb8
2019-03-23 11:31:54,367:__main__:__init__:[DEBUG]:MainScreen initialisation done: MainScreen with name '_can000002' at 0x7f23ac929198
